0 info it worked if it ends with ok
<<<<<<< HEAD
1 verbose cli [ '/usr/local/bin/node', '/usr/local/bin/npm', 'i', '--save' ]
2 info using npm@2.15.9
3 info using node@v4.5.0
4 verbose readDependencies loading dependencies from /Users/david/Documents/github/repos/SearchCannon/package.json
5 error install Couldn't read dependencies
6 verbose stack Error: ENOENT: no such file or directory, open '/Users/david/Documents/github/repos/SearchCannon/package.json'
6 verbose stack     at Error (native)
7 verbose cwd /Users/david/Documents/github/repos/SearchCannon
8 error Darwin 16.0.0
9 error argv "/usr/local/bin/node" "/usr/local/bin/npm" "i" "--save"
10 error node v4.5.0
11 error npm  v2.15.9
12 error path /Users/david/Documents/github/repos/SearchCannon/package.json
13 error code ENOPACKAGEJSON
14 error errno -2
15 error syscall open
16 error package.json ENOENT: no such file or directory, open '/Users/david/Documents/github/repos/SearchCannon/package.json'
16 error package.json This is most likely not a problem with npm itself.
16 error package.json npm can't find a package.json file in your current directory.
17 verbose exit [ -2, true ]
=======
1 verbose cli [ '/usr/local/bin/node', '/usr/local/bin/npm', 'start' ]
2 info using npm@2.15.9
3 info using node@v4.5.0
4 verbose stack Error: ENOENT: no such file or directory, open '/Applications/MAMP/htdocs/SearchCannon/package.json'
4 verbose stack     at Error (native)
5 verbose cwd /Applications/MAMP/htdocs/SearchCannon
6 error Darwin 16.3.0
7 error argv "/usr/local/bin/node" "/usr/local/bin/npm" "start"
8 error node v4.5.0
9 error npm  v2.15.9
10 error path /Applications/MAMP/htdocs/SearchCannon/package.json
11 error code ENOENT
12 error errno -2
13 error syscall open
14 error enoent ENOENT: no such file or directory, open '/Applications/MAMP/htdocs/SearchCannon/package.json'
14 error enoent This is most likely not a problem with npm itself
14 error enoent and is related to npm not being able to find a file.
15 verbose exit [ -2, true ]
>>>>>>> 602df654eb57a4c04b18c947de96abf6afc8d619
